{"timestamp":"2026-02-06T22:03:51.591831Z","level":"info","event":"NumExpr defaulting to 8 threads.","logger":"numexpr.utils","filename":"utils.py","lineno":160}
{"timestamp":"2026-02-06T22:03:51.978065Z","level":"info","event":"DAG bundles loaded: dags-folder, example_dags","logger":"airflow.dag_processing.bundles.manager.DagBundlesManager","filename":"manager.py","lineno":179}
{"timestamp":"2026-02-06T22:03:51.978378Z","level":"info","event":"Filling up the DagBag from /Users/sidharthbijo/Desktop/stock-market-data-pipeline/dags/stock_pipeline_dag.py","logger":"airflow.models.dagbag.BundleDagBag","filename":"dagbag.py","lineno":593}
{"timestamp":"2026-02-06T22:03:51.983670Z","level":"warning","event":"The `airflow.operators.bash.BashOperator` attribute is deprecated. Please use `'airflow.providers.standard.operators.bash.BashOperator'`.","category":"DeprecatedImportWarning","filename":"/Users/sidharthbijo/Desktop/stock-market-data-pipeline/dags/stock_pipeline_dag.py","lineno":2,"logger":"py.warnings"}
{"timestamp":"2026-02-06T22:03:52.008138Z","level":"info","event":"Task instance is in running state","logger":"task.stdout"}
{"timestamp":"2026-02-06T22:03:52.008227Z","level":"info","event":" Previous state of the Task instance: TaskInstanceState.QUEUED","logger":"task.stdout"}
{"timestamp":"2026-02-06T22:03:52.008589Z","level":"info","event":"Current task name:extract","logger":"task.stdout"}
{"timestamp":"2026-02-06T22:03:52.008669Z","level":"info","event":"Dag name:stock_market_pipeline","logger":"task.stdout"}
{"timestamp":"2026-02-06T22:03:52.008911Z","level":"info","event":"Tmp dir root location: /var/folders/r_/y_m50h5j3839sk6clv9jdyxh0000gn/T","logger":"airflow.task.hooks.airflow.providers.standard.hooks.subprocess.SubprocessHook","filename":"subprocess.py","lineno":78}
{"timestamp":"2026-02-06T22:03:52.009732Z","level":"info","event":"Running command: ['/bin/bash', '-c', 'python /Users/sidharthbijo/Desktop/stock-market-data-pipeline/scripts/extract.py']","logger":"airflow.task.hooks.airflow.providers.standard.hooks.subprocess.SubprocessHook","filename":"subprocess.py","lineno":80}
{"timestamp":"2026-02-06T22:03:52.014382Z","level":"info","event":"Output:","logger":"airflow.task.hooks.airflow.providers.standard.hooks.subprocess.SubprocessHook","filename":"subprocess.py","lineno":92}
{"timestamp":"2026-02-06T22:03:52.720978Z","level":"info","event":"Traceback (most recent call last):","logger":"airflow.task.hooks.airflow.providers.standard.hooks.subprocess.SubprocessHook","filename":"subprocess.py","lineno":99}
{"timestamp":"2026-02-06T22:03:52.721313Z","level":"info","event":"  File \"/Users/sidharthbijo/Desktop/stock-market-data-pipeline/scripts/extract.py\", line 43, in <module>","logger":"airflow.task.hooks.airflow.providers.standard.hooks.subprocess.SubprocessHook","filename":"subprocess.py","lineno":99}
{"timestamp":"2026-02-06T22:03:52.721392Z","level":"info","event":"    df.to_csv(\"data/raw_stock_data.csv\", index=False)","logger":"airflow.task.hooks.airflow.providers.standard.hooks.subprocess.SubprocessHook","filename":"subprocess.py","lineno":99}
{"timestamp":"2026-02-06T22:03:52.721424Z","level":"info","event":"  File \"/Users/sidharthbijo/anaconda3/lib/python3.11/site-packages/pandas/core/generic.py\", line 3902, in to_csv","logger":"airflow.task.hooks.airflow.providers.standard.hooks.subprocess.SubprocessHook","filename":"subprocess.py","lineno":99}
{"timestamp":"2026-02-06T22:03:52.721453Z","level":"info","event":"    return DataFrameRenderer(formatter).to_csv(","logger":"airflow.task.hooks.airflow.providers.standard.hooks.subprocess.SubprocessHook","filename":"subprocess.py","lineno":99}
{"timestamp":"2026-02-06T22:03:52.721476Z","level":"info","event":"           ^^^^^^^^^^^^^^^^^^^^^^^^^^^^^^^^^^^^","logger":"airflow.task.hooks.airflow.providers.standard.hooks.subprocess.SubprocessHook","filename":"subprocess.py","lineno":99}
{"timestamp":"2026-02-06T22:03:52.721497Z","level":"info","event":"  File \"/Users/sidharthbijo/anaconda3/lib/python3.11/site-packages/pandas/io/formats/format.py\", line 1152, in to_csv","logger":"airflow.task.hooks.airflow.providers.standard.hooks.subprocess.SubprocessHook","filename":"subprocess.py","lineno":99}
{"timestamp":"2026-02-06T22:03:52.722898Z","level":"info","event":"    csv_formatter.save()","logger":"airflow.task.hooks.airflow.providers.standard.hooks.subprocess.SubprocessHook","filename":"subprocess.py","lineno":99}
{"timestamp":"2026-02-06T22:03:52.722936Z","level":"info","event":"  File \"/Users/sidharthbijo/anaconda3/lib/python3.11/site-packages/pandas/io/formats/csvs.py\", line 247, in save","logger":"airflow.task.hooks.airflow.providers.standard.hooks.subprocess.SubprocessHook","filename":"subprocess.py","lineno":99}
{"timestamp":"2026-02-06T22:03:52.723969Z","level":"info","event":"    with get_handle(","logger":"airflow.task.hooks.airflow.providers.standard.hooks.subprocess.SubprocessHook","filename":"subprocess.py","lineno":99}
{"timestamp":"2026-02-06T22:03:52.724001Z","level":"info","event":"         ^^^^^^^^^^^","logger":"airflow.task.hooks.airflow.providers.standard.hooks.subprocess.SubprocessHook","filename":"subprocess.py","lineno":99}
{"timestamp":"2026-02-06T22:03:52.724048Z","level":"info","event":"  File \"/Users/sidharthbijo/anaconda3/lib/python3.11/site-packages/pandas/io/common.py\", line 739, in get_handle","logger":"airflow.task.hooks.airflow.providers.standard.hooks.subprocess.SubprocessHook","filename":"subprocess.py","lineno":99}
{"timestamp":"2026-02-06T22:03:52.725466Z","level":"info","event":"    check_parent_directory(str(handle))","logger":"airflow.task.hooks.airflow.providers.standard.hooks.subprocess.SubprocessHook","filename":"subprocess.py","lineno":99}
{"timestamp":"2026-02-06T22:03:52.725499Z","level":"info","event":"  File \"/Users/sidharthbijo/anaconda3/lib/python3.11/site-packages/pandas/io/common.py\", line 604, in check_parent_directory","logger":"airflow.task.hooks.airflow.providers.standard.hooks.subprocess.SubprocessHook","filename":"subprocess.py","lineno":99}
{"timestamp":"2026-02-06T22:03:52.725673Z","level":"info","event":"    raise OSError(rf\"Cannot save file into a non-existent directory: '{parent}'\")","logger":"airflow.task.hooks.airflow.providers.standard.hooks.subprocess.SubprocessHook","filename":"subprocess.py","lineno":99}
{"timestamp":"2026-02-06T22:03:52.725705Z","level":"info","event":"OSError: Cannot save file into a non-existent directory: 'data'","logger":"airflow.task.hooks.airflow.providers.standard.hooks.subprocess.SubprocessHook","filename":"subprocess.py","lineno":99}
{"timestamp":"2026-02-06T22:03:52.852384Z","level":"info","event":"Command exited with return code 1","logger":"airflow.task.hooks.airflow.providers.standard.hooks.subprocess.SubprocessHook","filename":"subprocess.py","lineno":103}
{"timestamp":"2026-02-06T22:03:52.854502Z","level":"error","event":"Task failed with exception","logger":"task","filename":"task_runner.py","lineno":1120,"error_detail":[{"exc_type":"AirflowException","exc_value":"Bash command failed. The command returned a non-zero exit code 1.","exc_notes":[],"syntax_error":null,"is_cause":false,"frames":[{"filename":"/Users/sidharthbijo/anaconda3/lib/python3.11/site-packages/airflow/sdk/execution_time/task_runner.py","lineno":1068,"name":"run"},{"filename":"/Users/sidharthbijo/anaconda3/lib/python3.11/site-packages/airflow/sdk/execution_time/task_runner.py","lineno":1477,"name":"_execute_task"},{"filename":"/Users/sidharthbijo/anaconda3/lib/python3.11/site-packages/airflow/sdk/bases/operator.py","lineno":417,"name":"wrapper"},{"filename":"/Users/sidharthbijo/anaconda3/lib/python3.11/site-packages/airflow/providers/standard/operators/bash.py","lineno":227,"name":"execute"}],"is_group":false,"exceptions":[]}]}
{"timestamp":"2026-02-06T22:03:52.856176Z","level":"info","event":"Task instance in failure state","logger":"task.stdout"}
{"timestamp":"2026-02-06T22:03:52.857239Z","level":"info","event":"Task start","logger":"task.stdout"}
{"timestamp":"2026-02-06T22:03:52.857339Z","level":"info","event":"Task:<Task(BashOperator): extract>","logger":"task.stdout"}
{"timestamp":"2026-02-06T22:03:52.857377Z","level":"info","event":"Failure caused by Bash command failed. The command returned a non-zero exit code 1.","logger":"task.stdout"}
