{"timestamp":"2026-02-06T22:10:38.566998Z","level":"info","event":"NumExpr defaulting to 8 threads.","logger":"numexpr.utils","filename":"utils.py","lineno":160}
{"timestamp":"2026-02-06T22:10:39.722692Z","level":"info","event":"DAG bundles loaded: dags-folder, example_dags","logger":"airflow.dag_processing.bundles.manager.DagBundlesManager","filename":"manager.py","lineno":179}
{"timestamp":"2026-02-06T22:10:39.723146Z","level":"info","event":"Filling up the DagBag from /Users/sidharthbijo/Desktop/stock-market-data-pipeline/dags/stock_pipeline_dag.py","logger":"airflow.models.dagbag.BundleDagBag","filename":"dagbag.py","lineno":593}
{"timestamp":"2026-02-06T22:10:39.728824Z","level":"warning","event":"The `airflow.operators.bash.BashOperator` attribute is deprecated. Please use `'airflow.providers.standard.operators.bash.BashOperator'`.","category":"DeprecatedImportWarning","filename":"/Users/sidharthbijo/Desktop/stock-market-data-pipeline/dags/stock_pipeline_dag.py","lineno":2,"logger":"py.warnings"}
{"timestamp":"2026-02-06T22:10:39.817031Z","level":"info","event":"Task instance is in running state","logger":"task.stdout"}
{"timestamp":"2026-02-06T22:10:39.817178Z","level":"info","event":" Previous state of the Task instance: TaskInstanceState.QUEUED","logger":"task.stdout"}
{"timestamp":"2026-02-06T22:10:39.817500Z","level":"info","event":"Current task name:extract","logger":"task.stdout"}
{"timestamp":"2026-02-06T22:10:39.817543Z","level":"info","event":"Dag name:stock_market_pipeline","logger":"task.stdout"}
{"timestamp":"2026-02-06T22:10:39.817890Z","level":"info","event":"Tmp dir root location: /var/folders/r_/y_m50h5j3839sk6clv9jdyxh0000gn/T","logger":"airflow.task.hooks.airflow.providers.standard.hooks.subprocess.SubprocessHook","filename":"subprocess.py","lineno":78}
{"timestamp":"2026-02-06T22:10:39.818600Z","level":"info","event":"Running command: ['/bin/bash', '-c', '/Users/sidharthbijo/Desktop/stock-market-data-pipeline/venv/bin/python /Users/sidharthbijo/Desktop/stock-market-data-pipeline/scripts/extract.py']","logger":"airflow.task.hooks.airflow.providers.standard.hooks.subprocess.SubprocessHook","filename":"subprocess.py","lineno":80}
{"timestamp":"2026-02-06T22:10:39.824558Z","level":"info","event":"Output:","logger":"airflow.task.hooks.airflow.providers.standard.hooks.subprocess.SubprocessHook","filename":"subprocess.py","lineno":92}
{"timestamp":"2026-02-06T22:10:52.978875Z","level":"info","event":"Traceback (most recent call last):","logger":"airflow.task.hooks.airflow.providers.standard.hooks.subprocess.SubprocessHook","filename":"subprocess.py","lineno":99}
{"timestamp":"2026-02-06T22:10:52.979949Z","level":"info","event":"  File \"/Users/sidharthbijo/Desktop/stock-market-data-pipeline/scripts/extract.py\", line 43, in <module>","logger":"airflow.task.hooks.airflow.providers.standard.hooks.subprocess.SubprocessHook","filename":"subprocess.py","lineno":99}
{"timestamp":"2026-02-06T22:10:52.980071Z","level":"info","event":"    df.to_csv(\"data/raw_stock_data.csv\", index=False)","logger":"airflow.task.hooks.airflow.providers.standard.hooks.subprocess.SubprocessHook","filename":"subprocess.py","lineno":99}
{"timestamp":"2026-02-06T22:10:52.980111Z","level":"info","event":"  File \"/Users/sidharthbijo/Desktop/stock-market-data-pipeline/venv/lib/python3.11/site-packages/pandas/core/generic.py\", line 3988, in to_csv","logger":"airflow.task.hooks.airflow.providers.standard.hooks.subprocess.SubprocessHook","filename":"subprocess.py","lineno":99}
{"timestamp":"2026-02-06T22:10:52.980525Z","level":"info","event":"    return DataFrameRenderer(formatter).to_csv(","logger":"airflow.task.hooks.airflow.providers.standard.hooks.subprocess.SubprocessHook","filename":"subprocess.py","lineno":99}
{"timestamp":"2026-02-06T22:10:52.980567Z","level":"info","event":"           ^^^^^^^^^^^^^^^^^^^^^^^^^^^^^^^^^^^^","logger":"airflow.task.hooks.airflow.providers.standard.hooks.subprocess.SubprocessHook","filename":"subprocess.py","lineno":99}
{"timestamp":"2026-02-06T22:10:52.980600Z","level":"info","event":"  File \"/Users/sidharthbijo/Desktop/stock-market-data-pipeline/venv/lib/python3.11/site-packages/pandas/io/formats/format.py\", line 1025, in to_csv","logger":"airflow.task.hooks.airflow.providers.standard.hooks.subprocess.SubprocessHook","filename":"subprocess.py","lineno":99}
{"timestamp":"2026-02-06T22:10:52.980654Z","level":"info","event":"    csv_formatter.save()","logger":"airflow.task.hooks.airflow.providers.standard.hooks.subprocess.SubprocessHook","filename":"subprocess.py","lineno":99}
{"timestamp":"2026-02-06T22:10:52.980695Z","level":"info","event":"  File \"/Users/sidharthbijo/Desktop/stock-market-data-pipeline/venv/lib/python3.11/site-packages/pandas/io/formats/csvs.py\", line 251, in save","logger":"airflow.task.hooks.airflow.providers.standard.hooks.subprocess.SubprocessHook","filename":"subprocess.py","lineno":99}
{"timestamp":"2026-02-06T22:10:52.980727Z","level":"info","event":"    with get_handle(","logger":"airflow.task.hooks.airflow.providers.standard.hooks.subprocess.SubprocessHook","filename":"subprocess.py","lineno":99}
{"timestamp":"2026-02-06T22:10:52.980792Z","level":"info","event":"         ^^^^^^^^^^^","logger":"airflow.task.hooks.airflow.providers.standard.hooks.subprocess.SubprocessHook","filename":"subprocess.py","lineno":99}
{"timestamp":"2026-02-06T22:10:52.980844Z","level":"info","event":"  File \"/Users/sidharthbijo/Desktop/stock-market-data-pipeline/venv/lib/python3.11/site-packages/pandas/io/common.py\", line 793, in get_handle","logger":"airflow.task.hooks.airflow.providers.standard.hooks.subprocess.SubprocessHook","filename":"subprocess.py","lineno":99}
{"timestamp":"2026-02-06T22:10:52.981353Z","level":"info","event":"    check_parent_directory(str(handle))","logger":"airflow.task.hooks.airflow.providers.standard.hooks.subprocess.SubprocessHook","filename":"subprocess.py","lineno":99}
{"timestamp":"2026-02-06T22:10:52.981402Z","level":"info","event":"  File \"/Users/sidharthbijo/Desktop/stock-market-data-pipeline/venv/lib/python3.11/site-packages/pandas/io/common.py\", line 652, in check_parent_directory","logger":"airflow.task.hooks.airflow.providers.standard.hooks.subprocess.SubprocessHook","filename":"subprocess.py","lineno":99}
{"timestamp":"2026-02-06T22:10:52.981586Z","level":"info","event":"    raise OSError(rf\"Cannot save file into a non-existent directory: '{parent}'\")","logger":"airflow.task.hooks.airflow.providers.standard.hooks.subprocess.SubprocessHook","filename":"subprocess.py","lineno":99}
{"timestamp":"2026-02-06T22:10:52.981670Z","level":"info","event":"OSError: Cannot save file into a non-existent directory: 'data'","logger":"airflow.task.hooks.airflow.providers.standard.hooks.subprocess.SubprocessHook","filename":"subprocess.py","lineno":99}
{"timestamp":"2026-02-06T22:10:53.059017Z","level":"info","event":"Command exited with return code 1","logger":"airflow.task.hooks.airflow.providers.standard.hooks.subprocess.SubprocessHook","filename":"subprocess.py","lineno":103}
{"timestamp":"2026-02-06T22:10:53.064521Z","level":"error","event":"Task failed with exception","logger":"task","filename":"task_runner.py","lineno":1120,"error_detail":[{"exc_type":"AirflowException","exc_value":"Bash command failed. The command returned a non-zero exit code 1.","exc_notes":[],"syntax_error":null,"is_cause":false,"frames":[{"filename":"/Users/sidharthbijo/anaconda3/lib/python3.11/site-packages/airflow/sdk/execution_time/task_runner.py","lineno":1068,"name":"run"},{"filename":"/Users/sidharthbijo/anaconda3/lib/python3.11/site-packages/airflow/sdk/execution_time/task_runner.py","lineno":1477,"name":"_execute_task"},{"filename":"/Users/sidharthbijo/anaconda3/lib/python3.11/site-packages/airflow/sdk/bases/operator.py","lineno":417,"name":"wrapper"},{"filename":"/Users/sidharthbijo/anaconda3/lib/python3.11/site-packages/airflow/providers/standard/operators/bash.py","lineno":227,"name":"execute"}],"is_group":false,"exceptions":[]}]}
{"timestamp":"2026-02-06T22:10:53.066638Z","level":"info","event":"Task instance in failure state","logger":"task.stdout"}
{"timestamp":"2026-02-06T22:10:53.068467Z","level":"info","event":"Task start","logger":"task.stdout"}
{"timestamp":"2026-02-06T22:10:53.069259Z","level":"info","event":"Task:<Task(BashOperator): extract>","logger":"task.stdout"}
{"timestamp":"2026-02-06T22:10:53.079472Z","level":"info","event":"Failure caused by Bash command failed. The command returned a non-zero exit code 1.","logger":"task.stdout"}
